<?xml version="1.0" encoding="UTF-8"?>
<!-- Generated by org.testng.reporters.JUnitReportReporter -->
<testsuite hostname="QKNBK4703" failures="0" tests="1" name="test_cases.All_Except_Actor_Arrival_Broker_except_first_three" time="34.327" errors="0" timestamp="2023-07-07T16:27:56 IST" skipped="0">
  <testcase classname="test_cases.All_Except_Actor_Arrival_Broker_except_first_three" name="check_test" time="34.327"/>
</testsuite> <!-- test_cases.All_Except_Actor_Arrival_Broker_except_first_three -->
