<?xml version="1.0" encoding="UTF-8"?>
<!-- Generated by org.testng.reporters.JUnitReportReporter -->
<testsuite hostname="QKNBK4703" failures="0" tests="1" name="test_cases.test_case_Bank_Cricket_Jee_passout_QK" time="15.757" errors="0" timestamp="2023-06-28T12:42:57 IST" skipped="0">
  <testcase classname="test_cases.test_case_Bank_Cricket_Jee_passout_QK" name="check_test" time="15.757"/>
</testsuite> <!-- test_cases.test_case_Bank_Cricket_Jee_passout_QK -->
