<?xml version="1.0" encoding="UTF-8"?>
<!-- Generated by org.testng.reporters.JUnitReportReporter -->
<testsuite hostname="QKNBK4703" failures="0" tests="1" name="test_cases.giving_test_case_data" time="0.641" errors="0" timestamp="2023-07-10T09:54:52 IST" skipped="0">
  <testcase classname="test_cases.giving_test_case_data" name="retrieveData" time="0.641"/>
</testsuite> <!-- test_cases.giving_test_case_data -->
