<?xml version="1.0" encoding="UTF-8"?>
<!-- Generated by org.testng.reporters.JUnitReportReporter -->
<testsuite hostname="QKNBK4703" failures="0" tests="1" name="test_cases.test_case_Bank_account" time="11.894" errors="0" timestamp="2023-07-04T15:10:22 IST" skipped="0">
  <testcase classname="test_cases.test_case_Bank_account" name="check_test" time="11.894"/>
</testsuite> <!-- test_cases.test_case_Bank_account -->
