<?xml version="1.0" encoding="UTF-8"?>
<!-- Generated by org.testng.reporters.JUnitReportReporter -->
<testsuite hostname="QKNBK4703" failures="0" tests="1" name="test_cases.test_case_all_except_Auto" time="25.714" errors="0" timestamp="2023-06-28T11:45:00 IST" skipped="0">
  <testcase classname="test_cases.test_case_all_except_Auto" name="check_test" time="25.714"/>
</testsuite> <!-- test_cases.test_case_all_except_Auto -->
