<?xml version="1.0" encoding="UTF-8"?>
<!-- Generated by org.testng.reporters.JUnitReportReporter -->
<testsuite hostname="QKNBK4703" failures="0" tests="1" name="test_cases.test_cases_all" time="46.087" errors="0" timestamp="2023-06-30T09:38:47 IST" skipped="0">
  <testcase classname="test_cases.test_cases_all" name="check_test" time="46.087"/>
</testsuite> <!-- test_cases.test_cases_all -->
