<?xml version="1.0" encoding="UTF-8"?>
<!-- Generated by org.testng.reporters.JUnitReportReporter -->
<testsuite hostname="QKNBK4703" failures="0" tests="1" name="test_cases.automation" time="1724.782" errors="0" timestamp="2023-07-07T17:35:25 IST" skipped="0">
  <testcase classname="test_cases.automation" name="automated" time="1724.782"/>
</testsuite> <!-- test_cases.automation -->
