<?xml version="1.0" encoding="UTF-8"?>
<!-- Generated by org.testng.reporters.JUnitReportReporter -->
<testsuite hostname="QKNBK4703" failures="0" tests="1" name="test_cases.test_case_Bank_Cricket_Jee_passout_QK_and_all_from_actors" time="17.773" errors="0" timestamp="2023-07-07T16:06:53 IST" skipped="0">
  <testcase classname="test_cases.test_case_Bank_Cricket_Jee_passout_QK_and_all_from_actors" name="check_test" time="17.773"/>
</testsuite> <!-- test_cases.test_case_Bank_Cricket_Jee_passout_QK_and_all_from_actors -->
