<?xml version="1.0" encoding="UTF-8"?>
<!-- Generated by org.testng.reporters.JUnitReportReporter -->
<testsuite hostname="QKNBK4703" failures="0" tests="1" name="test_cases.test_case_all_except_Tour_guide" time="27.801" errors="0" timestamp="2023-06-28T12:01:44 IST" skipped="0">
  <testcase classname="test_cases.test_case_all_except_Tour_guide" name="check_test" time="27.801"/>
</testsuite> <!-- test_cases.test_case_all_except_Tour_guide -->
