<?xml version="1.0" encoding="UTF-8"?>
<!-- Generated by org.testng.reporters.JUnitReportReporter -->
<testsuite hostname="QKNBK4703" failures="0" tests="1" name="test_cases.test_case_all_except_Auto_Bank_Tour_guide" time="41.493" errors="0" timestamp="2023-07-04T13:07:24 IST" skipped="0">
  <testcase classname="test_cases.test_case_all_except_Auto_Bank_Tour_guide" name="check_test" time="41.493"/>
</testsuite> <!-- test_cases.test_case_all_except_Auto_Bank_Tour_guide -->
