<?xml version="1.0" encoding="UTF-8"?>
<!-- Generated by org.testng.reporters.JUnitReportReporter -->
<testsuite hostname="QKNBK4703" failures="0" tests="1" name="test_cases.test_case_QK_employee" time="12.755" errors="0" timestamp="2023-06-26T11:50:19 IST" skipped="0">
  <testcase classname="test_cases.test_case_QK_employee" name="check_test" time="12.755"/>
</testsuite> <!-- test_cases.test_case_QK_employee -->
