<?xml version="1.0" encoding="UTF-8"?>
<!-- Generated by org.testng.reporters.JUnitReportReporter -->
<testsuite hostname="QKNBK4703" failures="0" tests="1" name="test_cases.test_case_Bank_Cricket_Jee_passout_Qk_seller" time="49.422" errors="0" timestamp="2023-07-03T10:21:04 IST" skipped="0">
  <testcase classname="test_cases.test_case_Bank_Cricket_Jee_passout_Qk_seller" name="check_test" time="49.422"/>
</testsuite> <!-- test_cases.test_case_Bank_Cricket_Jee_passout_Qk_seller -->
