<?xml version="1.0" encoding="UTF-8"?>
<!-- Generated by org.testng.reporters.JUnitReportReporter -->
<testsuite hostname="QKNBK4703" failures="0" tests="1" name="test_cases.db_connection" time="7.135" errors="0" timestamp="2023-07-03T13:08:08 IST" skipped="0">
  <testcase classname="test_cases.db_connection" name="record_data" time="7.135"/>
</testsuite> <!-- test_cases.db_connection -->
