<?xml version="1.0" encoding="UTF-8"?>
<!-- Generated by org.testng.reporters.JUnitReportReporter -->
<testsuite hostname="QKNBK4703" failures="0" tests="1" name="test_cases.test_case_Cricket_Jee_QK_all_from_Actors" time="15.256" errors="0" timestamp="2023-07-07T16:09:57 IST" skipped="0">
  <testcase classname="test_cases.test_case_Cricket_Jee_QK_all_from_Actors" name="check_test" time="15.256"/>
</testsuite> <!-- test_cases.test_case_Cricket_Jee_QK_all_from_Actors -->
