<?xml version="1.0" encoding="UTF-8"?>
<!-- Generated by org.testng.reporters.JUnitReportReporter -->
<testsuite hostname="QKNBK4703" failures="0" tests="1" name="test_cases.test_case_Auto_driver" time="12.737" errors="0" timestamp="2023-07-04T14:51:11 IST" skipped="0">
  <testcase classname="test_cases.test_case_Auto_driver" name="check_test" time="12.737"/>
</testsuite> <!-- test_cases.test_case_Auto_driver -->
