<?xml version="1.0" encoding="UTF-8"?>
<!-- Generated by org.testng.reporters.JUnitReportReporter -->
<testsuite hostname="QKNBK4703" failures="0" tests="1" name="test_cases.Only_Actor" time="10.302" errors="0" timestamp="2023-07-07T12:27:33 IST" skipped="0">
  <testcase classname="test_cases.Only_Actor" name="check_test" time="10.302"/>
</testsuite> <!-- test_cases.Only_Actor -->
