<?xml version="1.0" encoding="UTF-8"?>
<!-- Generated by org.testng.reporters.JUnitReportReporter -->
<testsuite hostname="QKNBK4703" failures="0" tests="1" name="test_cases.test_case_Bank_Cricket" time="31.309" errors="0" timestamp="2023-07-03T10:25:14 IST" skipped="0">
  <testcase classname="test_cases.test_case_Bank_Cricket" name="check_test" time="31.309"/>
</testsuite> <!-- test_cases.test_case_Bank_Cricket -->
