<?xml version="1.0" encoding="UTF-8"?>
<!-- Generated by org.testng.reporters.JUnitReportReporter -->
<testsuite hostname="QKNBK4703" failures="0" tests="1" name="test_cases.test_case_Cricketer" time="10.555" errors="0" timestamp="2023-06-26T12:06:32 IST" skipped="0">
  <testcase classname="test_cases.test_case_Cricketer" name="check_test" time="10.555"/>
</testsuite> <!-- test_cases.test_case_Cricketer -->
