<?xml version="1.0" encoding="UTF-8"?>
<!-- Generated by org.testng.reporters.JUnitReportReporter -->
<testsuite hostname="QKNBK4703" failures="0" tests="1" name="test_cases.test_case_Cricket_Jee_QK" time="13.632" errors="0" timestamp="2023-06-28T13:04:29 IST" skipped="0">
  <testcase classname="test_cases.test_case_Cricket_Jee_QK" name="check_test" time="13.632"/>
</testsuite> <!-- test_cases.test_case_Cricket_Jee_QK -->
