<?xml version="1.0" encoding="UTF-8"?>
<!-- Generated by org.testng.reporters.JUnitReportReporter -->
<testsuite hostname="QKNBK4703" failures="0" tests="1" name="test_cases.test_case_all_except_Auto_Bank" time="41.214" errors="0" timestamp="2023-06-30T09:37:18 IST" skipped="0">
  <testcase classname="test_cases.test_case_all_except_Auto_Bank" name="check_test" time="41.214"/>
</testsuite> <!-- test_cases.test_case_all_except_Auto_Bank -->
