<?xml version="1.0" encoding="UTF-8"?>
<!-- Generated by org.testng.reporters.JUnitReportReporter -->
<testsuite hostname="QKNBK4703" failures="0" tests="1" name="test_cases.test_case_Auto_Bank_Cricket_Jee_passout_QK_employee" time="19.612" errors="0" timestamp="2023-07-03T10:48:10 IST" skipped="0">
  <testcase classname="test_cases.test_case_Auto_Bank_Cricket_Jee_passout_QK_employee" name="check_test" time="19.612"/>
</testsuite> <!-- test_cases.test_case_Auto_Bank_Cricket_Jee_passout_QK_employee -->
